<?xml version="1.0" encoding="UTF-8"?>
<!-- Generated by org.testng.reporters.JUnitReportReporter -->
<testsuite skipped="0" hostname="DESKTOP-12MIOQE" name="com.demo2.demoOnAnnotations" tests="2" failures="0" timestamp="2020-07-25T09:15:57 CDT" time="0.006" errors="0">
  <testcase name="test1" time="0.004" classname="com.demo2.demoOnAnnotations"/>
  <system-out/>
  <testcase name="test2" time="0.002" classname="com.demo2.demoOnAnnotations"/>
  <system-out/>
</testsuite> <!-- com.demo2.demoOnAnnotations -->
