<?xml version="1.0" encoding="UTF-8"?>
<!-- Generated by org.testng.reporters.JUnitReportReporter -->
<testsuite skipped="0" hostname="DESKTOP-12MIOQE" name="restAssuredAPIProject.TC01_GET_RestAssuredAPI" tests="1" failures="0" timestamp="2020-07-22T18:47:47 CDT" time="1.969" errors="0">
  <testcase name="getWeatherDetails" time="1.969" classname="restAssuredAPIProject.TC01_GET_RestAssuredAPI"/>
  <system-out/>
</testsuite> <!-- restAssuredAPIProject.TC01_GET_RestAssuredAPI -->
