<?xml version="1.0" encoding="UTF-8"?>
<!-- Generated by org.testng.reporters.JUnitReportReporter -->
<testsuite skipped="0" hostname="DESKTOP-12MIOQE" name="restAssuredAPIProject.TC03_Get_RestAssuredAPI" tests="1" failures="0" timestamp="2020-07-22T19:35:33 CDT" time="3.440" errors="0">
  <testcase name="amazon" time="3.440" classname="restAssuredAPIProject.TC03_Get_RestAssuredAPI"/>
  <system-out/>
</testsuite> <!-- restAssuredAPIProject.TC03_Get_RestAssuredAPI -->
