<?xml version="1.0" encoding="UTF-8"?>
<!-- Generated by org.testng.reporters.JUnitReportReporter -->
<testsuite skipped="0" hostname="DESKTOP-12MIOQE" name="grpID.artifactID.sampleTestNG" tests="1" failures="0" timestamp="2020-07-21T10:39:40 CDT" time="31.664" errors="0">
  <testcase name="test1" time="31.664" classname="grpID.artifactID.sampleTestNG"/>
  <system-out/>
</testsuite> <!-- grpID.artifactID.sampleTestNG -->
