<?xml version="1.0" encoding="UTF-8"?>
<!-- Generated by org.testng.reporters.JUnitReportReporter -->
<testsuite skipped="0" hostname="DESKTOP-12MIOQE" name="grpID.artifactID.demoOnParametrization" tests="1" failures="0" timestamp="2020-07-21T19:19:05 CDT" time="12.726" errors="0">
  <testcase name="parameters" time="12.726" classname="grpID.artifactID.demoOnParametrization"/>
  <system-out/>
</testsuite> <!-- grpID.artifactID.demoOnParametrization -->
