<?xml version="1.0" encoding="UTF-8"?>
<!-- Generated by org.testng.reporters.JUnitReportReporter -->
<testsuite skipped="0" hostname="DESKTOP-12MIOQE" name="grpID.artifactID.practiceSoftAssertions" tests="1" failures="0" timestamp="2020-07-21T01:08:14 CDT" time="6.599" errors="0">
  <testcase name="verifyTest" time="6.599" classname="grpID.artifactID.practiceSoftAssertions"/>
  <system-out/>
</testsuite> <!-- grpID.artifactID.practiceSoftAssertions -->
