<?xml version="1.0" encoding="UTF-8"?>
<!-- Generated by org.testng.reporters.JUnitReportReporter -->
<testsuite skipped="0" hostname="DESKTOP-12MIOQE" name="com.demo1.testDemo1" tests="3" failures="0" timestamp="2020-07-21T10:39:40 CDT" time="53.239" errors="0">
  <testcase name="demo1" time="12.538" classname="com.demo1.testDemo1"/>
  <system-out/>
  <testcase name="demo1" time="13.012" classname="com.demo1.testDemo1"/>
  <system-out/>
  <testcase name="demo1" time="27.689" classname="com.demo1.testDemo1"/>
  <system-out/>
</testsuite> <!-- com.demo1.testDemo1 -->
